This file contains any messages produced by compilers while
running configure, to aid debugging if configure makes a mistake.

It was created by log4cplus configure 1.0.4, which was
generated by GNU Autoconf 2.68.  Invocation command line was

  $ ./configure --prefix=/home/akara/projects/iviLink/src_products/3rd_party --enable-static

## --------- ##
## Platform. ##
## --------- ##

hostname = akara3
uname -m = i686
uname -r = 3.2.0-29-generic-pae
uname -s = Linux
uname -v = #46-Ubuntu SMP Fri Jul 27 17:25:43 UTC 2012

/usr/bin/uname -p = unknown
/bin/uname -X     = unknown

/bin/arch              = unknown
/usr/bin/arch -k       = unknown
/usr/convex/getsysinfo = unknown
/usr/bin/hostinfo      = unknown
/bin/machine           = unknown
/usr/bin/oslevel       = unknown
/bin/universe          = unknown

PATH: /usr/lib/lightdm/lightdm
PATH: /usr/local/sbin
PATH: /usr/local/bin
PATH: /usr/sbin
PATH: /usr/bin
PATH: /sbin
PATH: /bin
PATH: /usr/games


## ----------- ##
## Core tests. ##
## ----------- ##

configure:2473: checking build system type
configure:2487: result: i686-pc-linux-gnu
configure:2507: checking host system type
configure:2520: result: i686-pc-linux-gnu
configure:2540: checking target system type
configure:2553: result: i686-pc-linux-gnu
configure:2597: checking for a BSD-compatible install
configure:2665: result: /usr/bin/install -c
configure:2676: checking whether build environment is sane
configure:2726: result: yes
configure:2867: checking for a thread-safe mkdir -p
configure:2906: result: /bin/mkdir -p
configure:2919: checking for gawk
configure:2949: result: no
configure:2919: checking for mawk
configure:2935: found /usr/bin/mawk
configure:2946: result: mawk
configure:2957: checking whether make sets $(MAKE)
configure:2979: result: yes
configure:3165: checking for g++
configure:3181: found /usr/bin/g++
configure:3192: result: g++
configure:3219: checking for C++ compiler version
configure:3228: g++ --version >&5
g++ (Ubuntu/Linaro 4.6.3-1ubuntu5) 4.6.3
Copyright (C) 2011 Free Software Foundation, Inc.
This is free software; see the source for copying conditions.  There is NO
warranty; not even for MERCHANTABILITY or FITNESS FOR A PARTICULAR PURPOSE.

configure:3239: $? = 0
configure:3228: g++ -v >&5
Using built-in specs.
COLLECT_GCC=g++
COLLECT_LTO_WRAPPER=/usr/lib/gcc/i686-linux-gnu/4.6/lto-wrapper
Target: i686-linux-gnu
Configured with: ../src/configure -v --with-pkgversion='Ubuntu/Linaro 4.6.3-1ubuntu5' --with-bugurl=file:///usr/share/doc/gcc-4.6/README.Bugs --enable-languages=c,c++,fortran,objc,obj-c++ --prefix=/usr --program-suffix=-4.6 --enable-shared --enable-linker-build-id --with-system-zlib --libexecdir=/usr/lib --without-included-gettext --enable-threads=posix --with-gxx-include-dir=/usr/include/c++/4.6 --libdir=/usr/lib --enable-nls --with-sysroot=/ --enable-clocale=gnu --enable-libstdcxx-debug --enable-libstdcxx-time=yes --enable-gnu-unique-object --enable-plugin --enable-objc-gc --enable-targets=all --disable-werror --with-arch-32=i686 --with-tune=generic --enable-checking=release --build=i686-linux-gnu --host=i686-linux-gnu --target=i686-linux-gnu
Thread model: posix
gcc version 4.6.3 (Ubuntu/Linaro 4.6.3-1ubuntu5) 
configure:3239: $? = 0
configure:3228: g++ -V >&5
g++: error: unrecognized option '-V'
g++: fatal error: no input files
compilation terminated.
configure:3239: $? = 4
configure:3228: g++ -qversion >&5
g++: error: unrecognized option '-qversion'
g++: fatal error: no input files
compilation terminated.
configure:3239: $? = 4
configure:3259: checking whether the C++ compiler works
configure:3281: g++    conftest.cpp  >&5
configure:3285: $? = 0
configure:3333: result: yes
configure:3336: checking for C++ compiler default output file name
configure:3338: result: a.out
configure:3344: checking for suffix of executables
configure:3351: g++ -o conftest    conftest.cpp  >&5
configure:3355: $? = 0
configure:3377: result: 
configure:3399: checking whether we are cross compiling
configure:3407: g++ -o conftest    conftest.cpp  >&5
configure:3411: $? = 0
configure:3418: ./conftest
configure:3422: $? = 0
configure:3437: result: no
configure:3442: checking for suffix of object files
configure:3464: g++ -c   conftest.cpp >&5
configure:3468: $? = 0
configure:3489: result: o
configure:3493: checking whether we are using the GNU C++ compiler
configure:3512: g++ -c   conftest.cpp >&5
configure:3512: $? = 0
configure:3521: result: yes
configure:3530: checking whether g++ accepts -g
configure:3550: g++ -c -g  conftest.cpp >&5
configure:3550: $? = 0
configure:3591: result: yes
configure:3625: checking for style of include used by make
configure:3653: result: GNU
configure:3678: checking dependency style of g++
configure:3788: result: gcc3
configure:3808: checking how to run the C++ preprocessor
configure:3835: g++ -E  conftest.cpp
configure:3835: $? = 0
configure:3849: g++ -E  conftest.cpp
conftest.cpp:9:28: fatal error: ac_nonexistent.h: No such file or directory
compilation terminated.
configure:3849: $? = 1
configure: failed program was:
| /* confdefs.h */
| #define PACKAGE_NAME "log4cplus"
| #define PACKAGE_TARNAME "log4cplus"
| #define PACKAGE_VERSION "1.0.4"
| #define PACKAGE_STRING "log4cplus 1.0.4"
| #define PACKAGE_BUGREPORT ""
| #define PACKAGE_URL ""
| /* end confdefs.h.  */
| #include <ac_nonexistent.h>
configure:3874: result: g++ -E
configure:3894: g++ -E  conftest.cpp
configure:3894: $? = 0
configure:3908: g++ -E  conftest.cpp
conftest.cpp:9:28: fatal error: ac_nonexistent.h: No such file or directory
compilation terminated.
configure:3908: $? = 1
configure: failed program was:
| /* confdefs.h */
| #define PACKAGE_NAME "log4cplus"
| #define PACKAGE_TARNAME "log4cplus"
| #define PACKAGE_VERSION "1.0.4"
| #define PACKAGE_STRING "log4cplus 1.0.4"
| #define PACKAGE_BUGREPORT ""
| #define PACKAGE_URL ""
| /* end confdefs.h.  */
| #include <ac_nonexistent.h>
configure:4009: checking how to print strings
configure:4036: result: printf
configure:4105: checking for gcc
configure:4121: found /usr/bin/gcc
configure:4132: result: gcc
configure:4361: checking for C compiler version
configure:4370: gcc --version >&5
gcc (Ubuntu/Linaro 4.6.3-1ubuntu5) 4.6.3
Copyright (C) 2011 Free Software Foundation, Inc.
This is free software; see the source for copying conditions.  There is NO
warranty; not even for MERCHANTABILITY or FITNESS FOR A PARTICULAR PURPOSE.

configure:4381: $? = 0
configure:4370: gcc -v >&5
Using built-in specs.
COLLECT_GCC=gcc
COLLECT_LTO_WRAPPER=/usr/lib/gcc/i686-linux-gnu/4.6/lto-wrapper
Target: i686-linux-gnu
Configured with: ../src/configure -v --with-pkgversion='Ubuntu/Linaro 4.6.3-1ubuntu5' --with-bugurl=file:///usr/share/doc/gcc-4.6/README.Bugs --enable-languages=c,c++,fortran,objc,obj-c++ --prefix=/usr --program-suffix=-4.6 --enable-shared --enable-linker-build-id --with-system-zlib --libexecdir=/usr/lib --without-included-gettext --enable-threads=posix --with-gxx-include-dir=/usr/include/c++/4.6 --libdir=/usr/lib --enable-nls --with-sysroot=/ --enable-clocale=gnu --enable-libstdcxx-debug --enable-libstdcxx-time=yes --enable-gnu-unique-object --enable-plugin --enable-objc-gc --enable-targets=all --disable-werror --with-arch-32=i686 --with-tune=generic --enable-checking=release --build=i686-linux-gnu --host=i686-linux-gnu --target=i686-linux-gnu
Thread model: posix
gcc version 4.6.3 (Ubuntu/Linaro 4.6.3-1ubuntu5) 
configure:4381: $? = 0
configure:4370: gcc -V >&5
gcc: error: unrecognized option '-V'
gcc: fatal error: no input files
compilation terminated.
configure:4381: $? = 4
configure:4370: gcc -qversion >&5
gcc: error: unrecognized option '-qversion'
gcc: fatal error: no input files
compilation terminated.
configure:4381: $? = 4
configure:4385: checking whether we are using the GNU C compiler
configure:4404: gcc -c   conftest.c >&5
configure:4404: $? = 0
configure:4413: result: yes
configure:4422: checking whether gcc accepts -g
configure:4442: gcc -c -g  conftest.c >&5
configure:4442: $? = 0
configure:4483: result: yes
configure:4500: checking for gcc option to accept ISO C89
configure:4564: gcc  -c -g -O2  conftest.c >&5
configure:4564: $? = 0
configure:4577: result: none needed
configure:4599: checking dependency style of gcc
configure:4709: result: gcc3
configure:4724: checking for a sed that does not truncate output
configure:4788: result: /bin/sed
configure:4806: checking for grep that handles long lines and -e
configure:4864: result: /bin/grep
configure:4869: checking for egrep
configure:4931: result: /bin/grep -E
configure:4936: checking for fgrep
configure:4998: result: /bin/grep -F
configure:5033: checking for ld used by gcc
configure:5100: result: /usr/bin/ld
configure:5107: checking if the linker (/usr/bin/ld) is GNU ld
configure:5122: result: yes
configure:5134: checking for BSD- or MS-compatible name lister (nm)
configure:5183: result: /usr/bin/nm -B
configure:5313: checking the name lister (/usr/bin/nm -B) interface
configure:5320: g++ -c -g -O2  conftest.cpp >&5
configure:5323: /usr/bin/nm -B "conftest.o"
configure:5326: output
00000000 B some_variable
configure:5333: result: BSD nm
configure:5336: checking whether ln -s works
configure:5340: result: yes
configure:5348: checking the maximum length of command line arguments
configure:5473: result: 805306365
configure:5490: checking whether the shell understands some XSI constructs
configure:5500: result: yes
configure:5504: checking whether the shell understands "+="
configure:5510: result: yes
configure:5545: checking for /usr/bin/ld option to reload object files
configure:5552: result: -r
configure:5621: checking for objdump
configure:5637: found /usr/bin/objdump
configure:5648: result: objdump
configure:5677: checking how to recognize dependent libraries
configure:5879: result: pass_all
configure:5939: checking for ar
configure:5955: found /usr/bin/ar
configure:5966: result: ar
configure:6044: checking for strip
configure:6060: found /usr/bin/strip
configure:6071: result: strip
configure:6143: checking for ranlib
configure:6159: found /usr/bin/ranlib
configure:6170: result: ranlib
configure:6272: checking command to parse /usr/bin/nm -B output from gcc object
configure:6390: g++ -c -g -O2  conftest.cpp >&5
configure:6393: $? = 0
configure:6397: /usr/bin/nm -B conftest.o \| sed -n -e 's/^.*[ ]\([ABCDGIRSTW][ABCDGIRSTW]*\)[ ][ ]*\([_A-Za-z][_A-Za-z0-9]*\)$/\1 \2 \2/p' \> conftest.nm
configure:6400: $? = 0
configure:6454: g++ -o conftest -g -O2   conftest.cpp conftstm.o >&5
configure:6457: $? = 0
configure:6495: result: ok
configure:7336: checking how to run the C preprocessor
configure:7367: gcc -E  conftest.c
configure:7367: $? = 0
configure:7381: gcc -E  conftest.c
conftest.c:9:28: fatal error: ac_nonexistent.h: No such file or directory
compilation terminated.
configure:7381: $? = 1
configure: failed program was:
| /* confdefs.h */
| #define PACKAGE_NAME "log4cplus"
| #define PACKAGE_TARNAME "log4cplus"
| #define PACKAGE_VERSION "1.0.4"
| #define PACKAGE_STRING "log4cplus 1.0.4"
| #define PACKAGE_BUGREPORT ""
| #define PACKAGE_URL ""
| /* end confdefs.h.  */
| #include <ac_nonexistent.h>
configure:7406: result: gcc -E
configure:7426: gcc -E  conftest.c
configure:7426: $? = 0
configure:7440: gcc -E  conftest.c
conftest.c:9:28: fatal error: ac_nonexistent.h: No such file or directory
compilation terminated.
configure:7440: $? = 1
configure: failed program was:
| /* confdefs.h */
| #define PACKAGE_NAME "log4cplus"
| #define PACKAGE_TARNAME "log4cplus"
| #define PACKAGE_VERSION "1.0.4"
| #define PACKAGE_STRING "log4cplus 1.0.4"
| #define PACKAGE_BUGREPORT ""
| #define PACKAGE_URL ""
| /* end confdefs.h.  */
| #include <ac_nonexistent.h>
configure:7469: checking for ANSI C header files
configure:7489: gcc -c -g -O2  conftest.c >&5
configure:7489: $? = 0
configure:7562: gcc -o conftest -g -O2   conftest.c  >&5
configure:7562: $? = 0
configure:7562: ./conftest
configure:7562: $? = 0
configure:7573: result: yes
configure:7586: checking for sys/types.h
configure:7586: gcc -c -g -O2  conftest.c >&5
configure:7586: $? = 0
configure:7586: result: yes
configure:7586: checking for sys/stat.h
configure:7586: gcc -c -g -O2  conftest.c >&5
configure:7586: $? = 0
configure:7586: result: yes
configure:7586: checking for stdlib.h
configure:7586: gcc -c -g -O2  conftest.c >&5
configure:7586: $? = 0
configure:7586: result: yes
configure:7586: checking for string.h
configure:7586: gcc -c -g -O2  conftest.c >&5
configure:7586: $? = 0
configure:7586: result: yes
configure:7586: checking for memory.h
configure:7586: gcc -c -g -O2  conftest.c >&5
configure:7586: $? = 0
configure:7586: result: yes
configure:7586: checking for strings.h
configure:7586: gcc -c -g -O2  conftest.c >&5
configure:7586: $? = 0
configure:7586: result: yes
configure:7586: checking for inttypes.h
configure:7586: gcc -c -g -O2  conftest.c >&5
configure:7586: $? = 0
configure:7586: result: yes
configure:7586: checking for stdint.h
configure:7586: gcc -c -g -O2  conftest.c >&5
configure:7586: $? = 0
configure:7586: result: yes
configure:7586: checking for unistd.h
configure:7586: gcc -c -g -O2  conftest.c >&5
configure:7586: $? = 0
configure:7586: result: yes
configure:7600: checking for dlfcn.h
configure:7600: gcc -c -g -O2  conftest.c >&5
configure:7600: $? = 0
configure:7600: result: yes
configure:8086: checking for objdir
configure:8101: result: .libs
configure:8372: checking if gcc supports -fno-rtti -fno-exceptions
configure:8390: gcc -c -g -O2  -fno-rtti -fno-exceptions conftest.c >&5
cc1: warning: command line option '-fno-rtti' is valid for C++/ObjC++ but not for C [enabled by default]
configure:8394: $? = 0
configure:8407: result: no
configure:8427: checking for gcc option to produce PIC
configure:8712: result: -fPIC -DPIC
configure:8724: checking if gcc PIC flag -fPIC -DPIC works
configure:8742: gcc -c -g -O2  -fPIC -DPIC -DPIC conftest.c >&5
configure:8746: $? = 0
configure:8759: result: yes
configure:8783: checking if gcc static flag -static works
configure:8811: result: yes
configure:8826: checking if gcc supports -c -o file.o
configure:8847: gcc -c -g -O2  -o out/conftest2.o conftest.c >&5
configure:8851: $? = 0
configure:8873: result: yes
configure:8881: checking if gcc supports -c -o file.o
configure:8928: result: yes
configure:8961: checking whether the gcc linker (/usr/bin/ld) supports shared libraries
configure:10036: result: yes
configure:10073: checking whether -lc should be explicitly linked in
configure:10081: gcc -c -g -O2  conftest.c >&5
configure:10084: $? = 0
configure:10099: gcc -shared conftest.o  -v -Wl,-soname -Wl,conftest -o conftest 2\>\&1 \| /bin/grep  -lc  \>/dev/null 2\>\&1
configure:10102: $? = 0
configure:10116: result: no
configure:10281: checking dynamic linker characteristics
configure:10736: gcc -o conftest -g -O2   -Wl,-rpath -Wl,/foo conftest.c  >&5
configure:10736: $? = 0
configure:10958: result: GNU/Linux ld.so
configure:11065: checking how to hardcode library paths into programs
configure:11090: result: immediate
configure:11630: checking whether stripping libraries is possible
configure:11635: result: yes
configure:11670: checking if libtool supports shared libraries
configure:11672: result: yes
configure:11675: checking whether to build shared libraries
configure:11696: result: yes
configure:11699: checking whether to build static libraries
configure:11703: result: yes
configure:11726: checking how to run the C++ preprocessor
configure:11792: result: g++ -E
configure:11812: g++ -E  conftest.cpp
configure:11812: $? = 0
configure:11826: g++ -E  conftest.cpp
conftest.cpp:21:28: fatal error: ac_nonexistent.h: No such file or directory
compilation terminated.
configure:11826: $? = 1
configure: failed program was:
| /* confdefs.h */
| #define PACKAGE_NAME "log4cplus"
| #define PACKAGE_TARNAME "log4cplus"
| #define PACKAGE_VERSION "1.0.4"
| #define PACKAGE_STRING "log4cplus 1.0.4"
| #define PACKAGE_BUGREPORT ""
| #define PACKAGE_URL ""
| #define STDC_HEADERS 1
| #define HAVE_SYS_TYPES_H 1
| #define HAVE_SYS_STAT_H 1
| #define HAVE_STDLIB_H 1
| #define HAVE_STRING_H 1
| #define HAVE_MEMORY_H 1
| #define HAVE_STRINGS_H 1
| #define HAVE_INTTYPES_H 1
| #define HAVE_STDINT_H 1
| #define HAVE_UNISTD_H 1
| #define HAVE_DLFCN_H 1
| #define LT_OBJDIR ".libs/"
| /* end confdefs.h.  */
| #include <ac_nonexistent.h>
configure:11994: checking for ld used by g++
configure:12061: result: /usr/bin/ld
configure:12068: checking if the linker (/usr/bin/ld) is GNU ld
configure:12083: result: yes
configure:12138: checking whether the g++ linker (/usr/bin/ld) supports shared libraries
configure:13070: result: yes
configure:13098: g++ -c -g -O2  conftest.cpp >&5
configure:13101: $? = 0
configure:13283: checking for g++ option to produce PIC
configure:13605: result: -fPIC -DPIC
configure:13614: checking if g++ PIC flag -fPIC -DPIC works
configure:13632: g++ -c -g -O2  -fPIC -DPIC -DPIC conftest.cpp >&5
configure:13636: $? = 0
configure:13649: result: yes
configure:13670: checking if g++ static flag -static works
configure:13698: result: yes
configure:13710: checking if g++ supports -c -o file.o
configure:13731: g++ -c -g -O2  -o out/conftest2.o conftest.cpp >&5
configure:13735: $? = 0
configure:13757: result: yes
configure:13762: checking if g++ supports -c -o file.o
configure:13809: result: yes
configure:13839: checking whether the g++ linker (/usr/bin/ld) supports shared libraries
configure:13867: result: yes
configure:14010: checking dynamic linker characteristics
configure:14621: result: GNU/Linux ld.so
configure:14674: checking how to hardcode library paths into programs
configure:14699: result: immediate
configure:14761: checking the C++ compiler vendor
configure:14782: g++ -c -g -O2  conftest.cpp >&5
configure:14782: $? = 0
configure:14878: result: gnu
configure:14887: checking CXXFLAGS for gcc -Wall
configure:14914: g++ -c -g -O2 -pedantic -Werror  -Wall  conftest.cpp >&5
configure:14914: $? = 0
configure:14928: result: -Wall
configure:14941: : CXXFLAGS="$CXXFLAGS $var"
configure:14944: $? = 0
configure:14951: checking CXXFLAGS for gcc -Wextra
configure:14978: g++ -c -g -O2 -Wall -pedantic -Werror  -Wextra  conftest.cpp >&5
configure:14978: $? = 0
configure:14992: result: -Wextra
configure:15005: : CXXFLAGS="$CXXFLAGS $var"
configure:15008: $? = 0
configure:15015: checking CXXFLAGS for gcc -pedantic
configure:15042: g++ -c -g -O2 -Wall -Wextra -pedantic -Werror  -pedantic  conftest.cpp >&5
configure:15042: $? = 0
configure:15056: result: -pedantic
configure:15069: : CXXFLAGS="$CXXFLAGS $var"
configure:15072: $? = 0
configure:15079: checking CXXFLAGS for gcc -Wshadow
configure:15106: g++ -c -g -O2 -Wall -Wextra -pedantic -pedantic -Werror  -Wshadow  conftest.cpp >&5
configure:15106: $? = 0
configure:15120: result: -Wshadow
configure:15133: : CXXFLAGS="$CXXFLAGS $var"
configure:15136: $? = 0
configure:15275: checking CXXFLAGS for gcc -O2
configure:15302: g++ -c -g -O2 -Wall -Wextra -pedantic -Wshadow -pedantic -Werror  -O2  conftest.cpp >&5
configure:15302: $? = 0
configure:15316: result: -O2
configure:15324: : CXXFLAGS does contain $var
configure:15327: $? = 0
configure:15555: checking for __declspec(dllexport)
configure:15576: g++ -c -g -O2 -Wall -Wextra -pedantic -Wshadow  conftest.cpp >&5
conftest.cpp:21:11: error: expected constructor, destructor, or type conversion before '(' token
conftest.cpp:22:19: error: expected constructor, destructor, or type conversion before '(' token
conftest.cpp:24:19: error: expected constructor, destructor, or type conversion before '(' token
configure:15576: $? = 1
configure: failed program was:
| /* confdefs.h */
| #define PACKAGE_NAME "log4cplus"
| #define PACKAGE_TARNAME "log4cplus"
| #define PACKAGE_VERSION "1.0.4"
| #define PACKAGE_STRING "log4cplus 1.0.4"
| #define PACKAGE_BUGREPORT ""
| #define PACKAGE_URL ""
| #define STDC_HEADERS 1
| #define HAVE_SYS_TYPES_H 1
| #define HAVE_SYS_STAT_H 1
| #define HAVE_STDLIB_H 1
| #define HAVE_STRING_H 1
| #define HAVE_MEMORY_H 1
| #define HAVE_STRINGS_H 1
| #define HAVE_INTTYPES_H 1
| #define HAVE_STDINT_H 1
| #define HAVE_UNISTD_H 1
| #define HAVE_DLFCN_H 1
| #define LT_OBJDIR ".libs/"
| /* end confdefs.h.  */
| __declspec(dllexport) int x = 0;
|         __declspec(dllexport) int foo ();
|         int foo () { return 0; }
|         __declspec(dllexport) int bar () { return x; }
| 
| int
| main ()
| {
| 
|   ;
|   return 0;
| }
configure:15584: result: no
configure:15594: checking for __attribute__((visibility("default")))
configure:15622: g++ -c -g -O2 -Wall -Wextra -pedantic -Wshadow  conftest.cpp >&5
configure:15622: $? = 0
configure:15630: result: yes
configure:15655: checking CXXFLAGS for gcc -fvisibility=hidden
configure:15682: g++ -c -g -O2 -Wall -Wextra -pedantic -Wshadow -pedantic -Werror  -fvisibility=hidden  conftest.cpp >&5
configure:15682: $? = 0
configure:15697: result: -fvisibility=hidden
configure:15710: : CXXFLAGS="$CXXFLAGS $var"
configure:15713: $? = 0
configure:15727: checking for library containing strerror
configure:15758: g++ -o conftest -g -O2 -Wall -Wextra -pedantic -Wshadow -fvisibility=hidden   conftest.cpp  >&5
configure:15758: $? = 0
configure:15775: result: none required
configure:15783: checking for library containing clock_gettime
configure:15814: g++ -o conftest -g -O2 -Wall -Wextra -pedantic -Wshadow -fvisibility=hidden   conftest.cpp  >&5
/tmp/ccC3w3mb.o: In function `main':
/home/akara/projects/iviLink/src/3rd_party/log4cplus/log4cplus-1.0.4/conftest.cpp:34: undefined reference to `clock_gettime'
collect2: ld returned 1 exit status
configure:15814: $? = 1
configure: failed program was:
| /* confdefs.h */
| #define PACKAGE_NAME "log4cplus"
| #define PACKAGE_TARNAME "log4cplus"
| #define PACKAGE_VERSION "1.0.4"
| #define PACKAGE_STRING "log4cplus 1.0.4"
| #define PACKAGE_BUGREPORT ""
| #define PACKAGE_URL ""
| #define STDC_HEADERS 1
| #define HAVE_SYS_TYPES_H 1
| #define HAVE_SYS_STAT_H 1
| #define HAVE_STDLIB_H 1
| #define HAVE_STRING_H 1
| #define HAVE_MEMORY_H 1
| #define HAVE_STRINGS_H 1
| #define HAVE_INTTYPES_H 1
| #define HAVE_STDINT_H 1
| #define HAVE_UNISTD_H 1
| #define HAVE_DLFCN_H 1
| #define LT_OBJDIR ".libs/"
| #define LOG4CPLUS_DECLSPEC_IMPORT /**/
| #define LOG4CPLUS_DECLSPEC_EXPORT __attribute__ ((visibility("default")))
| /* end confdefs.h.  */
| 
| /* Override any GCC internal prototype to avoid an error.
|    Use char because int might match the return type of a GCC
|    builtin and then its argument prototype would still apply.  */
| #ifdef __cplusplus
| extern "C"
| #endif
| char clock_gettime ();
| int
| main ()
| {
| return clock_gettime ();
|   ;
|   return 0;
| }
configure:15814: g++ -o conftest -g -O2 -Wall -Wextra -pedantic -Wshadow -fvisibility=hidden   conftest.cpp -lposix4   >&5
/usr/bin/ld: cannot find -lposix4
collect2: ld returned 1 exit status
configure:15814: $? = 1
configure: failed program was:
| /* confdefs.h */
| #define PACKAGE_NAME "log4cplus"
| #define PACKAGE_TARNAME "log4cplus"
| #define PACKAGE_VERSION "1.0.4"
| #define PACKAGE_STRING "log4cplus 1.0.4"
| #define PACKAGE_BUGREPORT ""
| #define PACKAGE_URL ""
| #define STDC_HEADERS 1
| #define HAVE_SYS_TYPES_H 1
| #define HAVE_SYS_STAT_H 1
| #define HAVE_STDLIB_H 1
| #define HAVE_STRING_H 1
| #define HAVE_MEMORY_H 1
| #define HAVE_STRINGS_H 1
| #define HAVE_INTTYPES_H 1
| #define HAVE_STDINT_H 1
| #define HAVE_UNISTD_H 1
| #define HAVE_DLFCN_H 1
| #define LT_OBJDIR ".libs/"
| #define LOG4CPLUS_DECLSPEC_IMPORT /**/
| #define LOG4CPLUS_DECLSPEC_EXPORT __attribute__ ((visibility("default")))
| /* end confdefs.h.  */
| 
| /* Override any GCC internal prototype to avoid an error.
|    Use char because int might match the return type of a GCC
|    builtin and then its argument prototype would still apply.  */
| #ifdef __cplusplus
| extern "C"
| #endif
| char clock_gettime ();
| int
| main ()
| {
| return clock_gettime ();
|   ;
|   return 0;
| }
configure:15831: result: no
configure:15839: checking for library containing nanosleep
configure:15870: g++ -o conftest -g -O2 -Wall -Wextra -pedantic -Wshadow -fvisibility=hidden   conftest.cpp  >&5
configure:15870: $? = 0
configure:15887: result: none required
configure:15895: checking for library containing gethostent
configure:15926: g++ -o conftest -g -O2 -Wall -Wextra -pedantic -Wshadow -fvisibility=hidden   conftest.cpp  >&5
configure:15926: $? = 0
configure:15943: result: none required
configure:15951: checking for library containing setsockopt
configure:15982: g++ -o conftest -g -O2 -Wall -Wextra -pedantic -Wshadow -fvisibility=hidden   conftest.cpp  >&5
configure:15982: $? = 0
configure:15999: result: none required
configure:16015: checking for main in -lkernel32
configure:16034: gcc -o conftest -g -O2   conftest.c -lkernel32   >&5
/usr/bin/ld: cannot find -lkernel32
collect2: ld returned 1 exit status
configure:16034: $? = 1
configure: failed program was:
| /* confdefs.h */
| #define PACKAGE_NAME "log4cplus"
| #define PACKAGE_TARNAME "log4cplus"
| #define PACKAGE_VERSION "1.0.4"
| #define PACKAGE_STRING "log4cplus 1.0.4"
| #define PACKAGE_BUGREPORT ""
| #define PACKAGE_URL ""
| #define STDC_HEADERS 1
| #define HAVE_SYS_TYPES_H 1
| #define HAVE_SYS_STAT_H 1
| #define HAVE_STDLIB_H 1
| #define HAVE_STRING_H 1
| #define HAVE_MEMORY_H 1
| #define HAVE_STRINGS_H 1
| #define HAVE_INTTYPES_H 1
| #define HAVE_STDINT_H 1
| #define HAVE_UNISTD_H 1
| #define HAVE_DLFCN_H 1
| #define LT_OBJDIR ".libs/"
| #define LOG4CPLUS_DECLSPEC_IMPORT /**/
| #define LOG4CPLUS_DECLSPEC_EXPORT __attribute__ ((visibility("default")))
| /* end confdefs.h.  */
| 
| 
| int
| main ()
| {
| return main ();
|   ;
|   return 0;
| }
configure:16043: result: no
configure:16055: checking for main in -ladvapi32
configure:16074: gcc -o conftest -g -O2   conftest.c -ladvapi32   >&5
/usr/bin/ld: cannot find -ladvapi32
collect2: ld returned 1 exit status
configure:16074: $? = 1
configure: failed program was:
| /* confdefs.h */
| #define PACKAGE_NAME "log4cplus"
| #define PACKAGE_TARNAME "log4cplus"
| #define PACKAGE_VERSION "1.0.4"
| #define PACKAGE_STRING "log4cplus 1.0.4"
| #define PACKAGE_BUGREPORT ""
| #define PACKAGE_URL ""
| #define STDC_HEADERS 1
| #define HAVE_SYS_TYPES_H 1
| #define HAVE_SYS_STAT_H 1
| #define HAVE_STDLIB_H 1
| #define HAVE_STRING_H 1
| #define HAVE_MEMORY_H 1
| #define HAVE_STRINGS_H 1
| #define HAVE_INTTYPES_H 1
| #define HAVE_STDINT_H 1
| #define HAVE_UNISTD_H 1
| #define HAVE_DLFCN_H 1
| #define LT_OBJDIR ".libs/"
| #define LOG4CPLUS_DECLSPEC_IMPORT /**/
| #define LOG4CPLUS_DECLSPEC_EXPORT __attribute__ ((visibility("default")))
| /* end confdefs.h.  */
| 
| 
| int
| main ()
| {
| return main ();
|   ;
|   return 0;
| }
configure:16083: result: no
configure:16095: checking for main in -lws2_32
configure:16114: gcc -o conftest -g -O2   conftest.c -lws2_32   >&5
/usr/bin/ld: cannot find -lws2_32
collect2: ld returned 1 exit status
configure:16114: $? = 1
configure: failed program was:
| /* confdefs.h */
| #define PACKAGE_NAME "log4cplus"
| #define PACKAGE_TARNAME "log4cplus"
| #define PACKAGE_VERSION "1.0.4"
| #define PACKAGE_STRING "log4cplus 1.0.4"
| #define PACKAGE_BUGREPORT ""
| #define PACKAGE_URL ""
| #define STDC_HEADERS 1
| #define HAVE_SYS_TYPES_H 1
| #define HAVE_SYS_STAT_H 1
| #define HAVE_STDLIB_H 1
| #define HAVE_STRING_H 1
| #define HAVE_MEMORY_H 1
| #define HAVE_STRINGS_H 1
| #define HAVE_INTTYPES_H 1
| #define HAVE_STDINT_H 1
| #define HAVE_UNISTD_H 1
| #define HAVE_DLFCN_H 1
| #define LT_OBJDIR ".libs/"
| #define LOG4CPLUS_DECLSPEC_IMPORT /**/
| #define LOG4CPLUS_DECLSPEC_EXPORT __attribute__ ((visibility("default")))
| /* end confdefs.h.  */
| 
| 
| int
| main ()
| {
| return main ();
|   ;
|   return 0;
| }
configure:16123: result: no
configure:16144: checking for ANSI C header files
configure:16248: result: yes
configure:16258: checking for sys/types.h
configure:16258: result: yes
configure:16266: checking sys/socket.h usability
configure:16266: g++ -c -g -O2 -Wall -Wextra -pedantic -Wshadow -fvisibility=hidden  conftest.cpp >&5
configure:16266: $? = 0
configure:16266: result: yes
configure:16266: checking sys/socket.h presence
configure:16266: g++ -E  conftest.cpp
configure:16266: $? = 0
configure:16266: result: yes
configure:16266: checking for sys/socket.h
configure:16266: result: yes
configure:16274: checking sys/time.h usability
configure:16274: g++ -c -g -O2 -Wall -Wextra -pedantic -Wshadow -fvisibility=hidden  conftest.cpp >&5
configure:16274: $? = 0
configure:16274: result: yes
configure:16274: checking sys/time.h presence
configure:16274: g++ -E  conftest.cpp
configure:16274: $? = 0
configure:16274: result: yes
configure:16274: checking for sys/time.h
configure:16274: result: yes
configure:16282: checking sys/timeb.h usability
configure:16282: g++ -c -g -O2 -Wall -Wextra -pedantic -Wshadow -fvisibility=hidden  conftest.cpp >&5
configure:16282: $? = 0
configure:16282: result: yes
configure:16282: checking sys/timeb.h presence
configure:16282: g++ -E  conftest.cpp
configure:16282: $? = 0
configure:16282: result: yes
configure:16282: checking for sys/timeb.h
configure:16282: result: yes
configure:16290: checking for sys/stat.h
configure:16290: result: yes
configure:16298: checking syslog.h usability
configure:16298: g++ -c -g -O2 -Wall -Wextra -pedantic -Wshadow -fvisibility=hidden  conftest.cpp >&5
configure:16298: $? = 0
configure:16298: result: yes
configure:16298: checking syslog.h presence
configure:16298: g++ -E  conftest.cpp
configure:16298: $? = 0
configure:16298: result: yes
configure:16298: checking for syslog.h
configure:16298: result: yes
configure:16306: checking netinet/in.h usability
configure:16306: g++ -c -g -O2 -Wall -Wextra -pedantic -Wshadow -fvisibility=hidden  conftest.cpp >&5
configure:16306: $? = 0
configure:16306: result: yes
configure:16306: checking netinet/in.h presence
configure:16306: g++ -E  conftest.cpp
configure:16306: $? = 0
configure:16306: result: yes
configure:16306: checking for netinet/in.h
configure:16306: result: yes
configure:16314: checking netdb.h usability
configure:16314: g++ -c -g -O2 -Wall -Wextra -pedantic -Wshadow -fvisibility=hidden  conftest.cpp >&5
configure:16314: $? = 0
configure:16314: result: yes
configure:16314: checking netdb.h presence
configure:16314: g++ -E  conftest.cpp
configure:16314: $? = 0
configure:16314: result: yes
configure:16314: checking for netdb.h
configure:16314: result: yes
configure:16322: checking for unistd.h
configure:16322: result: yes
configure:16330: checking stdio.h usability
configure:16330: g++ -c -g -O2 -Wall -Wextra -pedantic -Wshadow -fvisibility=hidden  conftest.cpp >&5
configure:16330: $? = 0
configure:16330: result: yes
configure:16330: checking stdio.h presence
configure:16330: g++ -E  conftest.cpp
configure:16330: $? = 0
configure:16330: result: yes
configure:16330: checking for stdio.h
configure:16330: result: yes
configure:16338: checking wchar.h usability
configure:16338: g++ -c -g -O2 -Wall -Wextra -pedantic -Wshadow -fvisibility=hidden  conftest.cpp >&5
configure:16338: $? = 0
configure:16338: result: yes
configure:16338: checking wchar.h presence
configure:16338: g++ -E  conftest.cpp
configure:16338: $? = 0
configure:16338: result: yes
configure:16338: checking for wchar.h
configure:16338: result: yes
configure:16346: checking stdarg.h usability
configure:16346: g++ -c -g -O2 -Wall -Wextra -pedantic -Wshadow -fvisibility=hidden  conftest.cpp >&5
configure:16346: $? = 0
configure:16346: result: yes
configure:16346: checking stdarg.h presence
configure:16346: g++ -E  conftest.cpp
configure:16346: $? = 0
configure:16346: result: yes
configure:16346: checking for stdarg.h
configure:16346: result: yes
configure:16354: checking time.h usability
configure:16354: g++ -c -g -O2 -Wall -Wextra -pedantic -Wshadow -fvisibility=hidden  conftest.cpp >&5
configure:16354: $? = 0
configure:16354: result: yes
configure:16354: checking time.h presence
configure:16354: g++ -E  conftest.cpp
configure:16354: $? = 0
configure:16354: result: yes
configure:16354: checking for time.h
configure:16354: result: yes
configure:16362: checking errno.h usability
configure:16362: g++ -c -g -O2 -Wall -Wextra -pedantic -Wshadow -fvisibility=hidden  conftest.cpp >&5
configure:16362: $? = 0
configure:16362: result: yes
configure:16362: checking errno.h presence
configure:16362: g++ -E  conftest.cpp
configure:16362: $? = 0
configure:16362: result: yes
configure:16362: checking for errno.h
configure:16362: result: yes
configure:16374: checking for gmtime_r
configure:16374: g++ -o conftest -g -O2 -Wall -Wextra -pedantic -Wshadow -fvisibility=hidden   conftest.cpp  >&5
configure:16374: $? = 0
configure:16374: result: yes
configure:16387: checking for localtime_r
configure:16387: g++ -o conftest -g -O2 -Wall -Wextra -pedantic -Wshadow -fvisibility=hidden   conftest.cpp  >&5
configure:16387: $? = 0
configure:16387: result: yes
configure:16400: checking for gettimeofday
configure:16400: g++ -o conftest -g -O2 -Wall -Wextra -pedantic -Wshadow -fvisibility=hidden   conftest.cpp  >&5
configure:16400: $? = 0
configure:16400: result: yes
configure:16413: checking for clock_gettime
configure:16413: g++ -o conftest -g -O2 -Wall -Wextra -pedantic -Wshadow -fvisibility=hidden   conftest.cpp  >&5
/tmp/ccAJVEW7.o: In function `main':
/home/akara/projects/iviLink/src/3rd_party/log4cplus/log4cplus-1.0.4/conftest.cpp:78: undefined reference to `clock_gettime'
collect2: ld returned 1 exit status
configure:16413: $? = 1
configure: failed program was:
| /* confdefs.h */
| #define PACKAGE_NAME "log4cplus"
| #define PACKAGE_TARNAME "log4cplus"
| #define PACKAGE_VERSION "1.0.4"
| #define PACKAGE_STRING "log4cplus 1.0.4"
| #define PACKAGE_BUGREPORT ""
| #define PACKAGE_URL ""
| #define STDC_HEADERS 1
| #define HAVE_SYS_TYPES_H 1
| #define HAVE_SYS_STAT_H 1
| #define HAVE_STDLIB_H 1
| #define HAVE_STRING_H 1
| #define HAVE_MEMORY_H 1
| #define HAVE_STRINGS_H 1
| #define HAVE_INTTYPES_H 1
| #define HAVE_STDINT_H 1
| #define HAVE_UNISTD_H 1
| #define HAVE_DLFCN_H 1
| #define LT_OBJDIR ".libs/"
| #define LOG4CPLUS_DECLSPEC_IMPORT /**/
| #define LOG4CPLUS_DECLSPEC_EXPORT __attribute__ ((visibility("default")))
| #define STDC_HEADERS 1
| #define LOG4CPLUS_HAVE_SYS_TYPES_H 1
| #define LOG4CPLUS_HAVE_SYS_SOCKET_H 1
| #define LOG4CPLUS_HAVE_SYS_TIME_H 1
| #define LOG4CPLUS_HAVE_SYS_TIMEB_H 1
| #define LOG4CPLUS_HAVE_SYS_STAT_H 1
| #define LOG4CPLUS_HAVE_SYSLOG_H 1
| #define LOG4CPLUS_HAVE_NETINET_IN_H 1
| #define LOG4CPLUS_HAVE_NETDB_H 1
| #define LOG4CPLUS_HAVE_UNISTD_H 1
| #define LOG4CPLUS_HAVE_STDIO_H 1
| #define LOG4CPLUS_HAVE_WCHAR_H 1
| #define LOG4CPLUS_HAVE_STDARG_H 1
| #define LOG4CPLUS_HAVE_TIME_H 1
| #define LOG4CPLUS_HAVE_ERRNO_H 1
| #define HAVE_GMTIME_R 1
| #define LOG4CPLUS_HAVE_GMTIME_R 1
| #define HAVE_LOCALTIME_R 1
| #define LOG4CPLUS_HAVE_LOCALTIME_R 1
| #define HAVE_GETTIMEOFDAY 1
| #define LOG4CPLUS_HAVE_GETTIMEOFDAY 1
| /* end confdefs.h.  */
| /* Define clock_gettime to an innocuous variant, in case <limits.h> declares clock_gettime.
|    For example, HP-UX 11i <limits.h> declares gettimeofday.  */
| #define clock_gettime innocuous_clock_gettime
| 
| /* System header to define __stub macros and hopefully few prototypes,
|     which can conflict with char clock_gettime (); below.
|     Prefer <limits.h> to <assert.h> if __STDC__ is defined, since
|     <limits.h> exists even on freestanding compilers.  */
| 
| #ifdef __STDC__
| # include <limits.h>
| #else
| # include <assert.h>
| #endif
| 
| #undef clock_gettime
| 
| /* Override any GCC internal prototype to avoid an error.
|    Use char because int might match the return type of a GCC
|    builtin and then its argument prototype would still apply.  */
| #ifdef __cplusplus
| extern "C"
| #endif
| char clock_gettime ();
| /* The GNU C library defines this for functions which it implements
|     to always fail with ENOSYS.  Some functions are actually named
|     something starting with __ and the normal name is an alias.  */
| #if defined __stub_clock_gettime || defined __stub___clock_gettime
| choke me
| #endif
| 
| int
| main ()
| {
| return clock_gettime ();
|   ;
|   return 0;
| }
configure:16413: result: no
configure:16426: checking for getpid
configure:16426: g++ -o conftest -g -O2 -Wall -Wextra -pedantic -Wshadow -fvisibility=hidden   conftest.cpp  >&5
configure:16426: $? = 0
configure:16426: result: yes
configure:16439: checking for ftime
configure:16439: g++ -o conftest -g -O2 -Wall -Wextra -pedantic -Wshadow -fvisibility=hidden   conftest.cpp  >&5
configure:16439: $? = 0
configure:16439: result: yes
configure:16452: checking for stat
configure:16452: g++ -o conftest -g -O2 -Wall -Wextra -pedantic -Wshadow -fvisibility=hidden   conftest.cpp  >&5
configure:16452: $? = 0
configure:16452: result: yes
configure:16465: checking for lstat
configure:16465: g++ -o conftest -g -O2 -Wall -Wextra -pedantic -Wshadow -fvisibility=hidden   conftest.cpp  >&5
configure:16465: $? = 0
configure:16465: result: yes
configure:16478: checking for htons
configure:16478: g++ -o conftest -g -O2 -Wall -Wextra -pedantic -Wshadow -fvisibility=hidden   conftest.cpp  >&5
configure:16478: $? = 0
configure:16478: result: yes
configure:16491: checking for ntohs
configure:16491: g++ -o conftest -g -O2 -Wall -Wextra -pedantic -Wshadow -fvisibility=hidden   conftest.cpp  >&5
configure:16491: $? = 0
configure:16491: result: yes
configure:16504: checking for htonl
configure:16504: g++ -o conftest -g -O2 -Wall -Wextra -pedantic -Wshadow -fvisibility=hidden   conftest.cpp  >&5
configure:16504: $? = 0
configure:16504: result: yes
configure:16517: checking for ntohl
configure:16517: g++ -o conftest -g -O2 -Wall -Wextra -pedantic -Wshadow -fvisibility=hidden   conftest.cpp  >&5
configure:16517: $? = 0
configure:16517: result: yes
configure:16529: checking for ENAMETOOLONG
configure:16545: g++ -c -g -O2 -Wall -Wextra -pedantic -Wshadow -fvisibility=hidden  conftest.cpp >&5
conftest.cpp: In function 'int main()':
conftest.cpp:64:5: warning: unused variable 'value' [-Wunused-variable]
configure:16545: $? = 0
configure:16552: result: yes
configure:16562: checking for getaddrinfo
configure:16590: g++ -c -g -O2 -Wall -Wextra -pedantic -Wshadow -fvisibility=hidden  conftest.cpp >&5
configure:16590: $? = 0
configure:16597: result: yes
configure:16613: checking for gethostbyname_r
configure:16641: g++ -c -g -O2 -Wall -Wextra -pedantic -Wshadow -fvisibility=hidden  conftest.cpp >&5
configure:16641: $? = 0
configure:16648: result: yes
configure:16663: checking for socklen_t
configure:16681: g++ -c -g -O2 -Wall -Wextra -pedantic -Wshadow -fvisibility=hidden  conftest.cpp >&5
conftest.cpp: In function 'int main()':
conftest.cpp:70:11: warning: unused variable 'len' [-Wunused-variable]
configure:16681: $? = 0
configure:16689: result: yes
configure:16717: Creating a multi-threaded library.
configure:16895: checking for the pthreads library -lpthreads
configure:16933: gcc -o conftest -g -O2   -D_REENTRANT  conftest.c -lpthreads  >&5
/usr/bin/ld: cannot find -lpthreads
collect2: ld returned 1 exit status
configure:16933: $? = 1
configure: failed program was:
| /* confdefs.h */
| #define PACKAGE_NAME "log4cplus"
| #define PACKAGE_TARNAME "log4cplus"
| #define PACKAGE_VERSION "1.0.4"
| #define PACKAGE_STRING "log4cplus 1.0.4"
| #define PACKAGE_BUGREPORT ""
| #define PACKAGE_URL ""
| #define STDC_HEADERS 1
| #define HAVE_SYS_TYPES_H 1
| #define HAVE_SYS_STAT_H 1
| #define HAVE_STDLIB_H 1
| #define HAVE_STRING_H 1
| #define HAVE_MEMORY_H 1
| #define HAVE_STRINGS_H 1
| #define HAVE_INTTYPES_H 1
| #define HAVE_STDINT_H 1
| #define HAVE_UNISTD_H 1
| #define HAVE_DLFCN_H 1
| #define LT_OBJDIR ".libs/"
| #define LOG4CPLUS_DECLSPEC_IMPORT /**/
| #define LOG4CPLUS_DECLSPEC_EXPORT __attribute__ ((visibility("default")))
| #define STDC_HEADERS 1
| #define LOG4CPLUS_HAVE_SYS_TYPES_H 1
| #define LOG4CPLUS_HAVE_SYS_SOCKET_H 1
| #define LOG4CPLUS_HAVE_SYS_TIME_H 1
| #define LOG4CPLUS_HAVE_SYS_TIMEB_H 1
| #define LOG4CPLUS_HAVE_SYS_STAT_H 1
| #define LOG4CPLUS_HAVE_SYSLOG_H 1
| #define LOG4CPLUS_HAVE_NETINET_IN_H 1
| #define LOG4CPLUS_HAVE_NETDB_H 1
| #define LOG4CPLUS_HAVE_UNISTD_H 1
| #define LOG4CPLUS_HAVE_STDIO_H 1
| #define LOG4CPLUS_HAVE_WCHAR_H 1
| #define LOG4CPLUS_HAVE_STDARG_H 1
| #define LOG4CPLUS_HAVE_TIME_H 1
| #define LOG4CPLUS_HAVE_ERRNO_H 1
| #define HAVE_GMTIME_R 1
| #define LOG4CPLUS_HAVE_GMTIME_R 1
| #define HAVE_LOCALTIME_R 1
| #define LOG4CPLUS_HAVE_LOCALTIME_R 1
| #define HAVE_GETTIMEOFDAY 1
| #define LOG4CPLUS_HAVE_GETTIMEOFDAY 1
| #define HAVE_GETPID 1
| #define LOG4CPLUS_HAVE_GETPID 1
| #define HAVE_FTIME 1
| #define LOG4CPLUS_HAVE_FTIME 1
| #define HAVE_STAT 1
| #define LOG4CPLUS_HAVE_STAT 1
| #define HAVE_LSTAT 1
| #define LOG4CPLUS_HAVE_LSTAT 1
| #define HAVE_HTONS 1
| #define LOG4CPLUS_HAVE_HTONS 1
| #define HAVE_NTOHS 1
| #define LOG4CPLUS_HAVE_NTOHS 1
| #define HAVE_HTONL 1
| #define LOG4CPLUS_HAVE_HTONL 1
| #define HAVE_NTOHL 1
| #define LOG4CPLUS_HAVE_NTOHL 1
| #define LOG4CPLUS_HAVE_ENAMETOOLONG 1
| #define HAVE_GETADDRINFO 1
| #define LOG4CPLUS_HAVE_GETADDRINFO 1
| #define HAVE_GETHOSTBYNAME_R 1
| #define LOG4CPLUS_HAVE_GETHOSTBYNAME_R 1
| /* end confdefs.h.  */
| #include <pthread.h>
| 	             static void routine(void* a) {a=0;}
| 	             static void* start_routine(void* a) {return a;}
| int
| main ()
| {
| pthread_t th; pthread_attr_t attr;
|                      pthread_join(th, 0);
|                      pthread_attr_init(&attr);
|                      pthread_cleanup_push(routine, 0);
|                      pthread_create(&th,0,start_routine,0);
|                      pthread_cleanup_pop(0);
|   ;
|   return 0;
| }
configure:16942: result: no
configure:16840: checking whether pthreads work without any flags
configure:16933: gcc -o conftest -g -O2   -D_REENTRANT  conftest.c   >&5
/tmp/ccJ4rE4w.o: In function `main':
/home/akara/projects/iviLink/src/3rd_party/log4cplus/log4cplus-1.0.4/conftest.c:72: undefined reference to `pthread_join'
/home/akara/projects/iviLink/src/3rd_party/log4cplus/log4cplus-1.0.4/conftest.c:74: undefined reference to `__pthread_register_cancel'
/home/akara/projects/iviLink/src/3rd_party/log4cplus/log4cplus-1.0.4/conftest.c:75: undefined reference to `pthread_create'
/home/akara/projects/iviLink/src/3rd_party/log4cplus/log4cplus-1.0.4/conftest.c:76: undefined reference to `__pthread_unregister_cancel'
collect2: ld returned 1 exit status
configure:16933: $? = 1
configure: failed program was:
| /* confdefs.h */
| #define PACKAGE_NAME "log4cplus"
| #define PACKAGE_TARNAME "log4cplus"
| #define PACKAGE_VERSION "1.0.4"
| #define PACKAGE_STRING "log4cplus 1.0.4"
| #define PACKAGE_BUGREPORT ""
| #define PACKAGE_URL ""
| #define STDC_HEADERS 1
| #define HAVE_SYS_TYPES_H 1
| #define HAVE_SYS_STAT_H 1
| #define HAVE_STDLIB_H 1
| #define HAVE_STRING_H 1
| #define HAVE_MEMORY_H 1
| #define HAVE_STRINGS_H 1
| #define HAVE_INTTYPES_H 1
| #define HAVE_STDINT_H 1
| #define HAVE_UNISTD_H 1
| #define HAVE_DLFCN_H 1
| #define LT_OBJDIR ".libs/"
| #define LOG4CPLUS_DECLSPEC_IMPORT /**/
| #define LOG4CPLUS_DECLSPEC_EXPORT __attribute__ ((visibility("default")))
| #define STDC_HEADERS 1
| #define LOG4CPLUS_HAVE_SYS_TYPES_H 1
| #define LOG4CPLUS_HAVE_SYS_SOCKET_H 1
| #define LOG4CPLUS_HAVE_SYS_TIME_H 1
| #define LOG4CPLUS_HAVE_SYS_TIMEB_H 1
| #define LOG4CPLUS_HAVE_SYS_STAT_H 1
| #define LOG4CPLUS_HAVE_SYSLOG_H 1
| #define LOG4CPLUS_HAVE_NETINET_IN_H 1
| #define LOG4CPLUS_HAVE_NETDB_H 1
| #define LOG4CPLUS_HAVE_UNISTD_H 1
| #define LOG4CPLUS_HAVE_STDIO_H 1
| #define LOG4CPLUS_HAVE_WCHAR_H 1
| #define LOG4CPLUS_HAVE_STDARG_H 1
| #define LOG4CPLUS_HAVE_TIME_H 1
| #define LOG4CPLUS_HAVE_ERRNO_H 1
| #define HAVE_GMTIME_R 1
| #define LOG4CPLUS_HAVE_GMTIME_R 1
| #define HAVE_LOCALTIME_R 1
| #define LOG4CPLUS_HAVE_LOCALTIME_R 1
| #define HAVE_GETTIMEOFDAY 1
| #define LOG4CPLUS_HAVE_GETTIMEOFDAY 1
| #define HAVE_GETPID 1
| #define LOG4CPLUS_HAVE_GETPID 1
| #define HAVE_FTIME 1
| #define LOG4CPLUS_HAVE_FTIME 1
| #define HAVE_STAT 1
| #define LOG4CPLUS_HAVE_STAT 1
| #define HAVE_LSTAT 1
| #define LOG4CPLUS_HAVE_LSTAT 1
| #define HAVE_HTONS 1
| #define LOG4CPLUS_HAVE_HTONS 1
| #define HAVE_NTOHS 1
| #define LOG4CPLUS_HAVE_NTOHS 1
| #define HAVE_HTONL 1
| #define LOG4CPLUS_HAVE_HTONL 1
| #define HAVE_NTOHL 1
| #define LOG4CPLUS_HAVE_NTOHL 1
| #define LOG4CPLUS_HAVE_ENAMETOOLONG 1
| #define HAVE_GETADDRINFO 1
| #define LOG4CPLUS_HAVE_GETADDRINFO 1
| #define HAVE_GETHOSTBYNAME_R 1
| #define LOG4CPLUS_HAVE_GETHOSTBYNAME_R 1
| /* end confdefs.h.  */
| #include <pthread.h>
| 	             static void routine(void* a) {a=0;}
| 	             static void* start_routine(void* a) {return a;}
| int
| main ()
| {
| pthread_t th; pthread_attr_t attr;
|                      pthread_join(th, 0);
|                      pthread_attr_init(&attr);
|                      pthread_cleanup_push(routine, 0);
|                      pthread_create(&th,0,start_routine,0);
|                      pthread_cleanup_pop(0);
|   ;
|   return 0;
| }
configure:16942: result: no
configure:16845: checking whether pthreads work with -Kthread
configure:16933: gcc -o conftest -g -O2 -Kthread  -D_REENTRANT  conftest.c   >&5
gcc: error: unrecognized option '-Kthread'
configure:16933: $? = 1
configure: failed program was:
| /* confdefs.h */
| #define PACKAGE_NAME "log4cplus"
| #define PACKAGE_TARNAME "log4cplus"
| #define PACKAGE_VERSION "1.0.4"
| #define PACKAGE_STRING "log4cplus 1.0.4"
| #define PACKAGE_BUGREPORT ""
| #define PACKAGE_URL ""
| #define STDC_HEADERS 1
| #define HAVE_SYS_TYPES_H 1
| #define HAVE_SYS_STAT_H 1
| #define HAVE_STDLIB_H 1
| #define HAVE_STRING_H 1
| #define HAVE_MEMORY_H 1
| #define HAVE_STRINGS_H 1
| #define HAVE_INTTYPES_H 1
| #define HAVE_STDINT_H 1
| #define HAVE_UNISTD_H 1
| #define HAVE_DLFCN_H 1
| #define LT_OBJDIR ".libs/"
| #define LOG4CPLUS_DECLSPEC_IMPORT /**/
| #define LOG4CPLUS_DECLSPEC_EXPORT __attribute__ ((visibility("default")))
| #define STDC_HEADERS 1
| #define LOG4CPLUS_HAVE_SYS_TYPES_H 1
| #define LOG4CPLUS_HAVE_SYS_SOCKET_H 1
| #define LOG4CPLUS_HAVE_SYS_TIME_H 1
| #define LOG4CPLUS_HAVE_SYS_TIMEB_H 1
| #define LOG4CPLUS_HAVE_SYS_STAT_H 1
| #define LOG4CPLUS_HAVE_SYSLOG_H 1
| #define LOG4CPLUS_HAVE_NETINET_IN_H 1
| #define LOG4CPLUS_HAVE_NETDB_H 1
| #define LOG4CPLUS_HAVE_UNISTD_H 1
| #define LOG4CPLUS_HAVE_STDIO_H 1
| #define LOG4CPLUS_HAVE_WCHAR_H 1
| #define LOG4CPLUS_HAVE_STDARG_H 1
| #define LOG4CPLUS_HAVE_TIME_H 1
| #define LOG4CPLUS_HAVE_ERRNO_H 1
| #define HAVE_GMTIME_R 1
| #define LOG4CPLUS_HAVE_GMTIME_R 1
| #define HAVE_LOCALTIME_R 1
| #define LOG4CPLUS_HAVE_LOCALTIME_R 1
| #define HAVE_GETTIMEOFDAY 1
| #define LOG4CPLUS_HAVE_GETTIMEOFDAY 1
| #define HAVE_GETPID 1
| #define LOG4CPLUS_HAVE_GETPID 1
| #define HAVE_FTIME 1
| #define LOG4CPLUS_HAVE_FTIME 1
| #define HAVE_STAT 1
| #define LOG4CPLUS_HAVE_STAT 1
| #define HAVE_LSTAT 1
| #define LOG4CPLUS_HAVE_LSTAT 1
| #define HAVE_HTONS 1
| #define LOG4CPLUS_HAVE_HTONS 1
| #define HAVE_NTOHS 1
| #define LOG4CPLUS_HAVE_NTOHS 1
| #define HAVE_HTONL 1
| #define LOG4CPLUS_HAVE_HTONL 1
| #define HAVE_NTOHL 1
| #define LOG4CPLUS_HAVE_NTOHL 1
| #define LOG4CPLUS_HAVE_ENAMETOOLONG 1
| #define HAVE_GETADDRINFO 1
| #define LOG4CPLUS_HAVE_GETADDRINFO 1
| #define HAVE_GETHOSTBYNAME_R 1
| #define LOG4CPLUS_HAVE_GETHOSTBYNAME_R 1
| /* end confdefs.h.  */
| #include <pthread.h>
| 	             static void routine(void* a) {a=0;}
| 	             static void* start_routine(void* a) {return a;}
| int
| main ()
| {
| pthread_t th; pthread_attr_t attr;
|                      pthread_join(th, 0);
|                      pthread_attr_init(&attr);
|                      pthread_cleanup_push(routine, 0);
|                      pthread_create(&th,0,start_routine,0);
|                      pthread_cleanup_pop(0);
|   ;
|   return 0;
| }
configure:16942: result: no
configure:16845: checking whether pthreads work with -kthread
configure:16933: gcc -o conftest -g -O2 -kthread  -D_REENTRANT  conftest.c   >&5
gcc: error: unrecognized option '-kthread'
configure:16933: $? = 1
configure: failed program was:
| /* confdefs.h */
| #define PACKAGE_NAME "log4cplus"
| #define PACKAGE_TARNAME "log4cplus"
| #define PACKAGE_VERSION "1.0.4"
| #define PACKAGE_STRING "log4cplus 1.0.4"
| #define PACKAGE_BUGREPORT ""
| #define PACKAGE_URL ""
| #define STDC_HEADERS 1
| #define HAVE_SYS_TYPES_H 1
| #define HAVE_SYS_STAT_H 1
| #define HAVE_STDLIB_H 1
| #define HAVE_STRING_H 1
| #define HAVE_MEMORY_H 1
| #define HAVE_STRINGS_H 1
| #define HAVE_INTTYPES_H 1
| #define HAVE_STDINT_H 1
| #define HAVE_UNISTD_H 1
| #define HAVE_DLFCN_H 1
| #define LT_OBJDIR ".libs/"
| #define LOG4CPLUS_DECLSPEC_IMPORT /**/
| #define LOG4CPLUS_DECLSPEC_EXPORT __attribute__ ((visibility("default")))
| #define STDC_HEADERS 1
| #define LOG4CPLUS_HAVE_SYS_TYPES_H 1
| #define LOG4CPLUS_HAVE_SYS_SOCKET_H 1
| #define LOG4CPLUS_HAVE_SYS_TIME_H 1
| #define LOG4CPLUS_HAVE_SYS_TIMEB_H 1
| #define LOG4CPLUS_HAVE_SYS_STAT_H 1
| #define LOG4CPLUS_HAVE_SYSLOG_H 1
| #define LOG4CPLUS_HAVE_NETINET_IN_H 1
| #define LOG4CPLUS_HAVE_NETDB_H 1
| #define LOG4CPLUS_HAVE_UNISTD_H 1
| #define LOG4CPLUS_HAVE_STDIO_H 1
| #define LOG4CPLUS_HAVE_WCHAR_H 1
| #define LOG4CPLUS_HAVE_STDARG_H 1
| #define LOG4CPLUS_HAVE_TIME_H 1
| #define LOG4CPLUS_HAVE_ERRNO_H 1
| #define HAVE_GMTIME_R 1
| #define LOG4CPLUS_HAVE_GMTIME_R 1
| #define HAVE_LOCALTIME_R 1
| #define LOG4CPLUS_HAVE_LOCALTIME_R 1
| #define HAVE_GETTIMEOFDAY 1
| #define LOG4CPLUS_HAVE_GETTIMEOFDAY 1
| #define HAVE_GETPID 1
| #define LOG4CPLUS_HAVE_GETPID 1
| #define HAVE_FTIME 1
| #define LOG4CPLUS_HAVE_FTIME 1
| #define HAVE_STAT 1
| #define LOG4CPLUS_HAVE_STAT 1
| #define HAVE_LSTAT 1
| #define LOG4CPLUS_HAVE_LSTAT 1
| #define HAVE_HTONS 1
| #define LOG4CPLUS_HAVE_HTONS 1
| #define HAVE_NTOHS 1
| #define LOG4CPLUS_HAVE_NTOHS 1
| #define HAVE_HTONL 1
| #define LOG4CPLUS_HAVE_HTONL 1
| #define HAVE_NTOHL 1
| #define LOG4CPLUS_HAVE_NTOHL 1
| #define LOG4CPLUS_HAVE_ENAMETOOLONG 1
| #define HAVE_GETADDRINFO 1
| #define LOG4CPLUS_HAVE_GETADDRINFO 1
| #define HAVE_GETHOSTBYNAME_R 1
| #define LOG4CPLUS_HAVE_GETHOSTBYNAME_R 1
| /* end confdefs.h.  */
| #include <pthread.h>
| 	             static void routine(void* a) {a=0;}
| 	             static void* start_routine(void* a) {return a;}
| int
| main ()
| {
| pthread_t th; pthread_attr_t attr;
|                      pthread_join(th, 0);
|                      pthread_attr_init(&attr);
|                      pthread_cleanup_push(routine, 0);
|                      pthread_create(&th,0,start_routine,0);
|                      pthread_cleanup_pop(0);
|   ;
|   return 0;
| }
configure:16942: result: no
configure:16895: checking for the pthreads library -llthread
configure:16933: gcc -o conftest -g -O2   -D_REENTRANT  conftest.c -llthread  >&5
/usr/bin/ld: cannot find -llthread
collect2: ld returned 1 exit status
configure:16933: $? = 1
configure: failed program was:
| /* confdefs.h */
| #define PACKAGE_NAME "log4cplus"
| #define PACKAGE_TARNAME "log4cplus"
| #define PACKAGE_VERSION "1.0.4"
| #define PACKAGE_STRING "log4cplus 1.0.4"
| #define PACKAGE_BUGREPORT ""
| #define PACKAGE_URL ""
| #define STDC_HEADERS 1
| #define HAVE_SYS_TYPES_H 1
| #define HAVE_SYS_STAT_H 1
| #define HAVE_STDLIB_H 1
| #define HAVE_STRING_H 1
| #define HAVE_MEMORY_H 1
| #define HAVE_STRINGS_H 1
| #define HAVE_INTTYPES_H 1
| #define HAVE_STDINT_H 1
| #define HAVE_UNISTD_H 1
| #define HAVE_DLFCN_H 1
| #define LT_OBJDIR ".libs/"
| #define LOG4CPLUS_DECLSPEC_IMPORT /**/
| #define LOG4CPLUS_DECLSPEC_EXPORT __attribute__ ((visibility("default")))
| #define STDC_HEADERS 1
| #define LOG4CPLUS_HAVE_SYS_TYPES_H 1
| #define LOG4CPLUS_HAVE_SYS_SOCKET_H 1
| #define LOG4CPLUS_HAVE_SYS_TIME_H 1
| #define LOG4CPLUS_HAVE_SYS_TIMEB_H 1
| #define LOG4CPLUS_HAVE_SYS_STAT_H 1
| #define LOG4CPLUS_HAVE_SYSLOG_H 1
| #define LOG4CPLUS_HAVE_NETINET_IN_H 1
| #define LOG4CPLUS_HAVE_NETDB_H 1
| #define LOG4CPLUS_HAVE_UNISTD_H 1
| #define LOG4CPLUS_HAVE_STDIO_H 1
| #define LOG4CPLUS_HAVE_WCHAR_H 1
| #define LOG4CPLUS_HAVE_STDARG_H 1
| #define LOG4CPLUS_HAVE_TIME_H 1
| #define LOG4CPLUS_HAVE_ERRNO_H 1
| #define HAVE_GMTIME_R 1
| #define LOG4CPLUS_HAVE_GMTIME_R 1
| #define HAVE_LOCALTIME_R 1
| #define LOG4CPLUS_HAVE_LOCALTIME_R 1
| #define HAVE_GETTIMEOFDAY 1
| #define LOG4CPLUS_HAVE_GETTIMEOFDAY 1
| #define HAVE_GETPID 1
| #define LOG4CPLUS_HAVE_GETPID 1
| #define HAVE_FTIME 1
| #define LOG4CPLUS_HAVE_FTIME 1
| #define HAVE_STAT 1
| #define LOG4CPLUS_HAVE_STAT 1
| #define HAVE_LSTAT 1
| #define LOG4CPLUS_HAVE_LSTAT 1
| #define HAVE_HTONS 1
| #define LOG4CPLUS_HAVE_HTONS 1
| #define HAVE_NTOHS 1
| #define LOG4CPLUS_HAVE_NTOHS 1
| #define HAVE_HTONL 1
| #define LOG4CPLUS_HAVE_HTONL 1
| #define HAVE_NTOHL 1
| #define LOG4CPLUS_HAVE_NTOHL 1
| #define LOG4CPLUS_HAVE_ENAMETOOLONG 1
| #define HAVE_GETADDRINFO 1
| #define LOG4CPLUS_HAVE_GETADDRINFO 1
| #define HAVE_GETHOSTBYNAME_R 1
| #define LOG4CPLUS_HAVE_GETHOSTBYNAME_R 1
| /* end confdefs.h.  */
| #include <pthread.h>
| 	             static void routine(void* a) {a=0;}
| 	             static void* start_routine(void* a) {return a;}
| int
| main ()
| {
| pthread_t th; pthread_attr_t attr;
|                      pthread_join(th, 0);
|                      pthread_attr_init(&attr);
|                      pthread_cleanup_push(routine, 0);
|                      pthread_create(&th,0,start_routine,0);
|                      pthread_cleanup_pop(0);
|   ;
|   return 0;
| }
configure:16942: result: no
configure:16845: checking whether pthreads work with -pthread
configure:16933: gcc -o conftest -g -O2 -pthread  -D_REENTRANT  conftest.c   >&5
configure:16933: $? = 0
configure:16942: result: yes
configure:16961: checking for joinable pthread attribute
configure:16976: gcc -o conftest -g -O2 -pthread  -D_REENTRANT  conftest.c   >&5
configure:16976: $? = 0
configure:16982: result: PTHREAD_CREATE_JOINABLE
configure:16992: checking if more special flags are required for pthreads
configure:16999: result: no
configure:17255: creating ./config.status

## ---------------------- ##
## Running config.status. ##
## ---------------------- ##

This file was extended by log4cplus config.status 1.0.4, which was
generated by GNU Autoconf 2.68.  Invocation command line was

  CONFIG_FILES    = 
  CONFIG_HEADERS  = 
  CONFIG_LINKS    = 
  CONFIG_COMMANDS = 
  $ ./config.status 

on akara3

config.status:1220: creating Makefile
config.status:1220: creating include/Makefile
config.status:1220: creating src/Makefile
config.status:1220: creating loggingserver/Makefile
config.status:1220: creating tests/Makefile
config.status:1220: creating tests/appender_test/Makefile
config.status:1220: creating tests/configandwatch_test/Makefile
config.status:1220: creating tests/customloglevel_test/Makefile
config.status:1220: creating tests/fileappender_test/Makefile
config.status:1220: creating tests/filter_test/Makefile
config.status:1220: creating tests/hierarchy_test/Makefile
config.status:1220: creating tests/loglog_test/Makefile
config.status:1220: creating tests/ndc_test/Makefile
config.status:1220: creating tests/ostream_test/Makefile
config.status:1220: creating tests/patternlayout_test/Makefile
config.status:1220: creating tests/performance_test/Makefile
config.status:1220: creating tests/priority_test/Makefile
config.status:1220: creating tests/propertyconfig_test/Makefile
config.status:1220: creating tests/socket_test/Makefile
config.status:1220: creating tests/thread_test/Makefile
config.status:1220: creating tests/timeformat_test/Makefile
config.status:1220: creating include/log4cplus/config.h
config.status:1220: creating include/log4cplus/config/defines.hxx
config.status:1449: executing depfiles commands
config.status:1449: executing libtool commands

## ---------------- ##
## Cache variables. ##
## ---------------- ##

ac_cv__attribute__visibility=yes
ac_cv_build=i686-pc-linux-gnu
ac_cv_c_compiler_gnu=yes
ac_cv_cxx_compiler_gnu=yes
ac_cv_cxx_compiler_vendor=gnu
ac_cv_declspec=no
ac_cv_env_CCC_set=
ac_cv_env_CCC_value=
ac_cv_env_CC_set=
ac_cv_env_CC_value=
ac_cv_env_CFLAGS_set=
ac_cv_env_CFLAGS_value=
ac_cv_env_CPPFLAGS_set=
ac_cv_env_CPPFLAGS_value=
ac_cv_env_CPP_set=
ac_cv_env_CPP_value=
ac_cv_env_CXXCPP_set=
ac_cv_env_CXXCPP_value=
ac_cv_env_CXXFLAGS_set=
ac_cv_env_CXXFLAGS_value=
ac_cv_env_CXX_set=
ac_cv_env_CXX_value=
ac_cv_env_LDFLAGS_set=
ac_cv_env_LDFLAGS_value=
ac_cv_env_LIBS_set=
ac_cv_env_LIBS_value=
ac_cv_env_build_alias_set=
ac_cv_env_build_alias_value=
ac_cv_env_host_alias_set=
ac_cv_env_host_alias_value=
ac_cv_env_target_alias_set=
ac_cv_env_target_alias_value=
ac_cv_func_clock_gettime=no
ac_cv_func_ftime=yes
ac_cv_func_getpid=yes
ac_cv_func_gettimeofday=yes
ac_cv_func_gmtime_r=yes
ac_cv_func_htonl=yes
ac_cv_func_htons=yes
ac_cv_func_localtime_r=yes
ac_cv_func_lstat=yes
ac_cv_func_ntohl=yes
ac_cv_func_ntohs=yes
ac_cv_func_stat=yes
ac_cv_header_dlfcn_h=yes
ac_cv_header_errno_h=yes
ac_cv_header_inttypes_h=yes
ac_cv_header_memory_h=yes
ac_cv_header_netdb_h=yes
ac_cv_header_netinet_in_h=yes
ac_cv_header_stdarg_h=yes
ac_cv_header_stdc=yes
ac_cv_header_stdint_h=yes
ac_cv_header_stdio_h=yes
ac_cv_header_stdlib_h=yes
ac_cv_header_string_h=yes
ac_cv_header_strings_h=yes
ac_cv_header_sys_socket_h=yes
ac_cv_header_sys_stat_h=yes
ac_cv_header_sys_time_h=yes
ac_cv_header_sys_timeb_h=yes
ac_cv_header_sys_types_h=yes
ac_cv_header_syslog_h=yes
ac_cv_header_time_h=yes
ac_cv_header_unistd_h=yes
ac_cv_header_wchar_h=yes
ac_cv_host=i686-pc-linux-gnu
ac_cv_lib_advapi32=ac_cv_lib_advapi32_main
ac_cv_lib_advapi32_main=no
ac_cv_lib_kernel32=ac_cv_lib_kernel32_main
ac_cv_lib_kernel32_main=no
ac_cv_lib_ws2_32=ac_cv_lib_ws2_32_main
ac_cv_lib_ws2_32_main=no
ac_cv_objext=o
ac_cv_path_EGREP='/bin/grep -E'
ac_cv_path_FGREP='/bin/grep -F'
ac_cv_path_GREP=/bin/grep
ac_cv_path_SED=/bin/sed
ac_cv_path_install='/usr/bin/install -c'
ac_cv_path_mkdir=/bin/mkdir
ac_cv_prog_AWK=mawk
ac_cv_prog_CPP='gcc -E'
ac_cv_prog_CXXCPP='g++ -E'
ac_cv_prog_ac_ct_AR=ar
ac_cv_prog_ac_ct_CC=gcc
ac_cv_prog_ac_ct_CXX=g++
ac_cv_prog_ac_ct_OBJDUMP=objdump
ac_cv_prog_ac_ct_RANLIB=ranlib
ac_cv_prog_ac_ct_STRIP=strip
ac_cv_prog_cc_c89=
ac_cv_prog_cc_g=yes
ac_cv_prog_cxx_g=yes
ac_cv_prog_make_make_set=yes
ac_cv_search_clock_gettime=no
ac_cv_search_gethostent='none required'
ac_cv_search_nanosleep='none required'
ac_cv_search_setsockopt='none required'
ac_cv_search_strerror='none required'
ac_cv_target=i686-pc-linux-gnu
ac_cv_type_socklen_t=yes
am_cv_CC_dependencies_compiler_type=gcc3
am_cv_CXX_dependencies_compiler_type=gcc3
ax_cv_cxxflags_gcc_option__O2=-O2
ax_cv_cxxflags_gcc_option__Wall=-Wall
ax_cv_cxxflags_gcc_option__Wextra=-Wextra
ax_cv_cxxflags_gcc_option__Wshadow=-Wshadow
ax_cv_cxxflags_gcc_option__fvisibility_hidden=-fvisibility=hidden
ax_cv_cxxflags_gcc_option__pedantic=-pedantic
ax_cv_have_enametoolong=yes
ax_cv_have_getaddrinfo=yes
ax_cv_have_gethostbyname_r=yes
lt_cv_archive_cmds_need_lc=no
lt_cv_deplibs_check_method=pass_all
lt_cv_file_magic_cmd='$MAGIC_CMD'
lt_cv_file_magic_test_file=
lt_cv_ld_reload_flag=-r
lt_cv_nm_interface='BSD nm'
lt_cv_objdir=.libs
lt_cv_path_LD=/usr/bin/ld
lt_cv_path_LDCXX=/usr/bin/ld
lt_cv_path_NM='/usr/bin/nm -B'
lt_cv_prog_compiler_c_o=yes
lt_cv_prog_compiler_c_o_CXX=yes
lt_cv_prog_compiler_pic_works=yes
lt_cv_prog_compiler_pic_works_CXX=yes
lt_cv_prog_compiler_rtti_exceptions=no
lt_cv_prog_compiler_static_works=yes
lt_cv_prog_compiler_static_works_CXX=yes
lt_cv_prog_gnu_ld=yes
lt_cv_prog_gnu_ldcxx=yes
lt_cv_shlibpath_overrides_runpath=no
lt_cv_sys_global_symbol_pipe='sed -n -e '\''s/^.*[	 ]\([ABCDGIRSTW][ABCDGIRSTW]*\)[	 ][	 ]*\([_A-Za-z][_A-Za-z0-9]*\)$/\1 \2 \2/p'\'''
lt_cv_sys_global_symbol_to_c_name_address='sed -n -e '\''s/^: \([^ ]*\) $/  {\"\1\", (void *) 0},/p'\'' -e '\''s/^[ABCDGIRSTW]* \([^ ]*\) \([^ ]*\)$/  {"\2", (void *) \&\2},/p'\'''
lt_cv_sys_global_symbol_to_c_name_address_lib_prefix='sed -n -e '\''s/^: \([^ ]*\) $/  {\"\1\", (void *) 0},/p'\'' -e '\''s/^[ABCDGIRSTW]* \([^ ]*\) \(lib[^ ]*\)$/  {"\2", (void *) \&\2},/p'\'' -e '\''s/^[ABCDGIRSTW]* \([^ ]*\) \([^ ]*\)$/  {"lib\2", (void *) \&\2},/p'\'''
lt_cv_sys_global_symbol_to_cdecl='sed -n -e '\''s/^T .* \(.*\)$/extern int \1();/p'\'' -e '\''s/^[ABCDGIRSTW]* .* \(.*\)$/extern char \1;/p'\'''
lt_cv_sys_max_cmd_len=805306365

## ----------------- ##
## Output variables. ##
## ----------------- ##

ACLOCAL='${SHELL} /home/akara/projects/iviLink/src/3rd_party/log4cplus/log4cplus-1.0.4/missing --run aclocal-1.11'
AMDEPBACKSLASH='\'
AMDEP_FALSE='#'
AMDEP_TRUE=''
AMTAR='${SHELL} /home/akara/projects/iviLink/src/3rd_party/log4cplus/log4cplus-1.0.4/missing --run tar'
AR='ar'
AS='as'
AUTOCONF='${SHELL} /home/akara/projects/iviLink/src/3rd_party/log4cplus/log4cplus-1.0.4/missing --run autoconf'
AUTOHEADER='${SHELL} /home/akara/projects/iviLink/src/3rd_party/log4cplus/log4cplus-1.0.4/missing --run autoheader'
AUTOMAKE='${SHELL} /home/akara/projects/iviLink/src/3rd_party/log4cplus/log4cplus-1.0.4/missing --run automake-1.11'
AWK='mawk'
CC='gcc'
CCDEPMODE='depmode=gcc3'
CFLAGS='-g -O2 -pthread'
CPP='gcc -E'
CPPFLAGS=' -D_REENTRANT'
CXX='g++'
CXXCPP='g++ -E'
CXXDEPMODE='depmode=gcc3'
CXXFLAGS='-g -O2 -Wall -Wextra -pedantic -Wshadow -fvisibility=hidden -pthread'
CYGPATH_W='echo'
DEFS='-DHAVE_CONFIG_H'
DEPDIR='.deps'
DLLTOOL='dlltool'
DSYMUTIL=''
DUMPBIN=''
ECHO_C=''
ECHO_N='-n'
ECHO_T=''
EGREP='/bin/grep -E'
EXEEXT=''
FGREP='/bin/grep -F'
GREP='/bin/grep'
INSTALL_DATA='${INSTALL} -m 644'
INSTALL_PROGRAM='${INSTALL}'
INSTALL_SCRIPT='${INSTALL}'
INSTALL_STRIP_PROGRAM='$(install_sh) -c -s'
LD='/usr/bin/ld'
LDFLAGS=''
LIBOBJS=''
LIBS=' '
LIBTOOL='$(SHELL) $(top_builddir)/libtool'
LIPO=''
LN_S='ln -s'
LOG4CPLUS_NDEBUG='-DNDEBUG'
LTLIBOBJS=''
LT_VERSION='4:0:0'
MAKEINFO='${SHELL} /home/akara/projects/iviLink/src/3rd_party/log4cplus/log4cplus-1.0.4/missing --run makeinfo'
MKDIR_P='/bin/mkdir -p'
MULTI_THREADED_FALSE='#'
MULTI_THREADED_TRUE=''
NM='/usr/bin/nm -B'
NMEDIT=''
OBJDUMP='objdump'
OBJEXT='o'
OTOOL64=''
OTOOL=''
PACKAGE='log4cplus'
PACKAGE_BUGREPORT=''
PACKAGE_NAME='log4cplus'
PACKAGE_STRING='log4cplus 1.0.4'
PACKAGE_TARNAME='log4cplus'
PACKAGE_URL=''
PACKAGE_VERSION='1.0.4'
PATH_SEPARATOR=':'
PTHREAD_CC='gcc'
PTHREAD_CFLAGS='-pthread'
PTHREAD_LIBS=''
RANLIB='ranlib'
SED='/bin/sed'
SET_MAKE=''
SHELL='/bin/bash'
STRIP='strip'
VERSION='1.0.4'
WINSOCK_SOCKETS_FALSE=''
WINSOCK_SOCKETS_TRUE='#'
ac_ct_CC='gcc'
ac_ct_CXX='g++'
ac_ct_DUMPBIN=''
am__EXEEXT_FALSE=''
am__EXEEXT_TRUE='#'
am__fastdepCC_FALSE='#'
am__fastdepCC_TRUE=''
am__fastdepCXX_FALSE='#'
am__fastdepCXX_TRUE=''
am__include='include'
am__isrc=''
am__leading_dot='.'
am__quote=''
am__tar='${AMTAR} chof - "$$tardir"'
am__untar='${AMTAR} xf -'
ax_pthread_config=''
bindir='${exec_prefix}/bin'
build='i686-pc-linux-gnu'
build_alias=''
build_cpu='i686'
build_os='linux-gnu'
build_vendor='pc'
datadir='${datarootdir}'
datarootdir='${prefix}/share'
docdir='${datarootdir}/doc/${PACKAGE_TARNAME}'
dvidir='${docdir}'
exec_prefix='${prefix}'
host='i686-pc-linux-gnu'
host_alias=''
host_cpu='i686'
host_os='linux-gnu'
host_vendor='pc'
htmldir='${docdir}'
includedir='${prefix}/include'
infodir='${datarootdir}/info'
install_sh='${SHELL} /home/akara/projects/iviLink/src/3rd_party/log4cplus/log4cplus-1.0.4/install-sh'
libdir='${exec_prefix}/lib'
libexecdir='${exec_prefix}/libexec'
localedir='${datarootdir}/locale'
localstatedir='${prefix}/var'
mandir='${datarootdir}/man'
mkdir_p='/bin/mkdir -p'
oldincludedir='/usr/include'
pdfdir='${docdir}'
prefix='/home/akara/projects/iviLink/src_products/3rd_party'
program_transform_name='s,x,x,'
psdir='${docdir}'
sbindir='${exec_prefix}/sbin'
sharedstatedir='${prefix}/com'
sysconfdir='${prefix}/etc'
target='i686-pc-linux-gnu'
target_alias=''
target_cpu='i686'
target_os='linux-gnu'
target_vendor='pc'

## ----------- ##
## confdefs.h. ##
## ----------- ##

/* confdefs.h */
#define PACKAGE_NAME "log4cplus"
#define PACKAGE_TARNAME "log4cplus"
#define PACKAGE_VERSION "1.0.4"
#define PACKAGE_STRING "log4cplus 1.0.4"
#define PACKAGE_BUGREPORT ""
#define PACKAGE_URL ""
#define STDC_HEADERS 1
#define HAVE_SYS_TYPES_H 1
#define HAVE_SYS_STAT_H 1
#define HAVE_STDLIB_H 1
#define HAVE_STRING_H 1
#define HAVE_MEMORY_H 1
#define HAVE_STRINGS_H 1
#define HAVE_INTTYPES_H 1
#define HAVE_STDINT_H 1
#define HAVE_UNISTD_H 1
#define HAVE_DLFCN_H 1
#define LT_OBJDIR ".libs/"
#define LOG4CPLUS_DECLSPEC_IMPORT /**/
#define LOG4CPLUS_DECLSPEC_EXPORT __attribute__ ((visibility("default")))
#define STDC_HEADERS 1
#define LOG4CPLUS_HAVE_SYS_TYPES_H 1
#define LOG4CPLUS_HAVE_SYS_SOCKET_H 1
#define LOG4CPLUS_HAVE_SYS_TIME_H 1
#define LOG4CPLUS_HAVE_SYS_TIMEB_H 1
#define LOG4CPLUS_HAVE_SYS_STAT_H 1
#define LOG4CPLUS_HAVE_SYSLOG_H 1
#define LOG4CPLUS_HAVE_NETINET_IN_H 1
#define LOG4CPLUS_HAVE_NETDB_H 1
#define LOG4CPLUS_HAVE_UNISTD_H 1
#define LOG4CPLUS_HAVE_STDIO_H 1
#define LOG4CPLUS_HAVE_WCHAR_H 1
#define LOG4CPLUS_HAVE_STDARG_H 1
#define LOG4CPLUS_HAVE_TIME_H 1
#define LOG4CPLUS_HAVE_ERRNO_H 1
#define HAVE_GMTIME_R 1
#define LOG4CPLUS_HAVE_GMTIME_R 1
#define HAVE_LOCALTIME_R 1
#define LOG4CPLUS_HAVE_LOCALTIME_R 1
#define HAVE_GETTIMEOFDAY 1
#define LOG4CPLUS_HAVE_GETTIMEOFDAY 1
#define HAVE_GETPID 1
#define LOG4CPLUS_HAVE_GETPID 1
#define HAVE_FTIME 1
#define LOG4CPLUS_HAVE_FTIME 1
#define HAVE_STAT 1
#define LOG4CPLUS_HAVE_STAT 1
#define HAVE_LSTAT 1
#define LOG4CPLUS_HAVE_LSTAT 1
#define HAVE_HTONS 1
#define LOG4CPLUS_HAVE_HTONS 1
#define HAVE_NTOHS 1
#define LOG4CPLUS_HAVE_NTOHS 1
#define HAVE_HTONL 1
#define LOG4CPLUS_HAVE_HTONL 1
#define HAVE_NTOHL 1
#define LOG4CPLUS_HAVE_NTOHL 1
#define LOG4CPLUS_HAVE_ENAMETOOLONG 1
#define HAVE_GETADDRINFO 1
#define LOG4CPLUS_HAVE_GETADDRINFO 1
#define HAVE_GETHOSTBYNAME_R 1
#define LOG4CPLUS_HAVE_GETHOSTBYNAME_R 1
#define HAVE_PTHREAD 1

configure: exit 0
